Style: as_boxed: 
+-------------+--------------+----------+-------------+----------------+
|    Name     |     Type     |   Null   |     Key     | Auto increment |
+-------------+--------------+----------+-------------+----------------+
|     id      |   int(11)    | not null | primary key | auto_increment |
| description | varchar(255) | not null |      -      |       -        |
|    name     | varchar(255) | not null |      -      |       -        |
| upper_name  | varchar(255) | not null |      -      |       -        |
|    undef    |      -       |    -     |      -      |       -        |
+-------------+--------------+----------+-------------+----------------+

Style: as_github: 
Name|Type|Null|Key|Auto increment
-----------|------------|--------|-----------|--------------
id|int(11)|not null|primary key|auto_increment
description|varchar(255)|not null|-|-
name|varchar(255)|not null|-|-
upper_name|varchar(255)|not null|-|-
undef|-|-|-|-

Style: as_html: 
<table border = "1" align = "center">
<thead>
<th>Name</th><th>Type</th><th>Null</th><th>Key</th><th>Auto increment</th>
</thead>
<tr><td>id</td><td>int(11)</td><td>not null</td><td>primary key</td><td>auto_increment</td></tr>
<tr><td>description</td><td>varchar(255)</td><td>not null</td><td>-</td><td>-</td></tr>
<tr><td>name</td><td>varchar(255)</td><td>not null</td><td>-</td><td>-</td></tr>
<tr><td>upper_name</td><td>varchar(255)</td><td>not null</td><td>-</td><td>-</td></tr>
<tr><td>undef</td><td>-</td><td>-</td><td>-</td><td>-</td></tr>
<tfoot>
<th>One</th><th>Two</th><th>Three</th><th>Four</th><th>Five</th>
<tfoot>
</table>

